Change Component Designator: OldDesignator=C1 NewDesignator=C3
Change Component Designator: OldDesignator=C2 NewDesignator=C4
Change Component Designator: OldDesignator=C3 NewDesignator=C11
Change Component Designator: OldDesignator=C4 NewDesignator=C12
Change Component Designator: OldDesignator=C6 NewDesignator=C17
Change Component Designator: OldDesignator=C7 NewDesignator=C18
Change Component Designator: OldDesignator=C10 NewDesignator=C20
Change Component Designator: OldDesignator=C11 NewDesignator=C21
Change Component Designator: OldDesignator=C12 NewDesignator=C10
Change Component Designator: OldDesignator=C13 NewDesignator=C15
Change Component Designator: OldDesignator=C14 NewDesignator=C16
Change Component Designator: OldDesignator=C15 NewDesignator=C19
Change Component Designator: OldDesignator=R1 NewDesignator=R3
Change Component Designator: OldDesignator=R2 NewDesignator=R1
Change Component Designator: OldDesignator=R3 NewDesignator=R4
Change Component Designator: OldDesignator=R4 NewDesignator=R6
Change Component Designator: OldDesignator=R5 NewDesignator=R2
Change Component Designator: OldDesignator=R6 NewDesignator=R5
Added Component: Designator=C1(CAPC_0805)
Add component. Clean all parameters for all variants
Added Component: Designator=C2(CAPC_0805)
Add component. Clean all parameters for all variants
Added Component: Designator=C6(CAPC_0805)
Add component. Clean all parameters for all variants
Added Component: Designator=C7(CAPC_0805)
Add component. Clean all parameters for all variants
Added Component: Designator=C13(CAPC_0805)
Add component. Clean all parameters for all variants
Added Component: Designator=C14(CAPC_0805)
Add component. Clean all parameters for all variants
Added Pin To Net: NetName=GND Pin=C1-1
Added Pin To Net: NetName=VCC Pin=C1-2
Added Pin To Net: NetName=GND Pin=C2-1
Added Pin To Net: NetName=VCC Pin=C2-2
Added Pin To Net: NetName=GND Pin=C6-1
Added Pin To Net: NetName=VCC Pin=C6-2
Added Pin To Net: NetName=GND Pin=C7-1
Added Pin To Net: NetName=VCC Pin=C7-2
Added Pin To Net: NetName=GND Pin=C13-1
Added Pin To Net: NetName=VCC Pin=C13-2
Added Pin To Net: NetName=GND Pin=C14-1
Added Pin To Net: NetName=VCC Pin=C14-2
Added Pin To Net: NetName=VCC Pin=U1-1
Added Pin To Net: NetName=GND Pin=U1-2
Added Pin To Net: NetName=GND Pin=U2-5
Added Pin To Net: NetName=GND Pin=U2-6
Added Pin To Net: NetName=VCC Pin=U2-8
Added Pin To Net: NetName=VCC Pin=U3-1
Added Pin To Net: NetName=GND Pin=U3-2
Added Pin To Net: NetName=GND Pin=U4-5
Added Pin To Net: NetName=GND Pin=U4-6
Added Pin To Net: NetName=VCC Pin=U4-8
Added Pin To Net: NetName=VCC Pin=U5-1
Added Pin To Net: NetName=GND Pin=U5-2
Added Pin To Net: NetName=GND Pin=U6-5
Added Pin To Net: NetName=GND Pin=U6-6
Added Pin To Net: NetName=VCC Pin=U6-8
Change Net Name : Old Net Name=NetC4_1 New Net Name=NetC12_1
Change Net Name : Old Net Name=NetC7_1 New Net Name=NetC18_1
Change Net Name : Old Net Name=NetC11_1 New Net Name=NetC21_1
Added Pin To Net: NetName=out1 Pin=U2-7
Added Net: Name=out1
Added Pin To Net: NetName=out2 Pin=U4-7
Added Net: Name=out2
Added Pin To Net: NetName=out3 Pin=U6-7
Added Net: Name=out3
Added Member To Class: ClassName=vi_measurement Member=Component C16 Capacitor SMD
Added Member To Class: ClassName=vi_measurement Member=Component C17 
Added Member To Class: ClassName=vi_measurement Member=Component C18 
Added Member To Class: ClassName=vi_measurement Member=Component C19 Capacitor SMD
Added Member To Class: ClassName=vi_measurement Member=Component C20 
Added Member To Class: ClassName=vi_measurement Member=Component C21 
Added Member To Class: ClassName=vi_measurement Member=Component U1 DC/DC_ISO
