Change Physical Footprint: Designator=C1 Old Footprint=CAPC_1206 New Footprint=CAPC_1206
Change Physical Footprint: Designator=C2 Old Footprint=CAPC_1206 New Footprint=CAPC_1206
Change Physical Footprint: Designator=C3 Old Footprint=CAPC_1206 New Footprint=CAPC_1206
Change Physical Footprint: Designator=C4 Old Footprint=CAPC_1206 New Footprint=CAPC_1206
Change Physical Footprint: Designator=C5 Old Footprint=CAPC_1206 New Footprint=CAPC_1206
Change Physical Footprint: Designator=C6 Old Footprint=CAPC_1206 New Footprint=CAPC_1206
Change Physical Footprint: Designator=CC1 Old Footprint=ACS770 New Footprint=ACS770
Change Physical Footprint: Designator=CC2 Old Footprint=ACS770 New Footprint=ACS770
Change Physical Footprint: Designator=CC3 Old Footprint=ACS770 New Footprint=ACS770
Change Physical Footprint: Designator=DC/DC_ISO? Old Footprint=DC/DC_ISO New Footprint=DC/DC_ISO
Change Physical Footprint: Designator=O1 Old Footprint=Olhal New Footprint=Olhal
Change Physical Footprint: Designator=O2 Old Footprint=Olhal New Footprint=Olhal
Change Physical Footprint: Designator=O3 Old Footprint=Olhal New Footprint=Olhal
Change Physical Footprint: Designator=O4 Old Footprint=Olhal New Footprint=Olhal
Change Physical Footprint: Designator=O5 Old Footprint=Olhal New Footprint=Olhal
Change Physical Footprint: Designator=O6 Old Footprint=Olhal New Footprint=Olhal
Change Physical Footprint: Designator=Ph1 Old Footprint=Phoenix New Footprint=Phoenix
Change Physical Footprint: Designator=Ph2 Old Footprint=Phoenix New Footprint=Phoenix
Change Physical Footprint: Designator=Ph3 Old Footprint=Phoenix New Footprint=Phoenix
Change Physical Footprint: Designator=R1 Old Footprint=RESC_0805 New Footprint=RESC_0805
Change Physical Footprint: Designator=R2 Old Footprint=RESC_0805 New Footprint=RESC_0805
Change Physical Footprint: Designator=R3 Old Footprint=RESC_0805 New Footprint=RESC_0805
Change Physical Footprint: Designator=R4 Old Footprint=RESC_0805 New Footprint=RESC_0805
Change Physical Footprint: Designator=R5 Old Footprint=RESC_0805 New Footprint=RESC_0805
Change Physical Footprint: Designator=R6 Old Footprint=RESC_0805 New Footprint=RESC_0805
Change Physical Footprint: Designator=R7 Old Footprint=RESC_0805 New Footprint=RESC_0805
Change Physical Footprint: Designator=R8 Old Footprint=RESC_0805 New Footprint=RESC_0805
Change Physical Footprint: Designator=R9 Old Footprint=RESC_0805 New Footprint=RESC_0805
Change Physical Footprint: Designator=R10 Old Footprint=RESC_0805 New Footprint=RESC_0805
Change Physical Footprint: Designator=R11 Old Footprint=RESC_0805 New Footprint=RESC_0805
Change Physical Footprint: Designator=R12 Old Footprint=RESC_0805 New Footprint=RESC_0805
Change Physical Footprint: Designator=R13 Old Footprint=RESC_0805 New Footprint=RESC_0805
Change Physical Footprint: Designator=R14 Old Footprint=RESC_0805 New Footprint=RESC_0805
Change Physical Footprint: Designator=R15 Old Footprint=RESC_0805 New Footprint=RESC_0805
Change Physical Footprint: Designator=R16 Old Footprint=RESC_0805 New Footprint=RESC_0805
Change Physical Footprint: Designator=R17 Old Footprint=RESC_0805 New Footprint=RESC_0805
Change Physical Footprint: Designator=R18 Old Footprint=RESC_0805 New Footprint=RESC_0805
Change Physical Footprint: Designator=R19 Old Footprint=RESC_0805 New Footprint=RESC_0805
Change Physical Footprint: Designator=R20 Old Footprint=RESC_0805 New Footprint=RESC_0805
Change Physical Footprint: Designator=R21 Old Footprint=RESC_0805 New Footprint=RESC_0805
Change Physical Footprint: Designator=R22 Old Footprint=RESC_0805 New Footprint=RESC_0805
Change Physical Footprint: Designator=R23 Old Footprint=RESC_0805 New Footprint=RESC_0805
Change Physical Footprint: Designator=R24 Old Footprint=RESC_0805 New Footprint=RESC_0805
Change Physical Footprint: Designator=R25 Old Footprint=RESC_0805 New Footprint=RESC_0805
Change Physical Footprint: Designator=R26 Old Footprint=RESC_0805 New Footprint=RESC_0805
Change Physical Footprint: Designator=R27 Old Footprint=RESC_0805 New Footprint=RESC_0805
Change Physical Footprint: Designator=R28 Old Footprint=RESC_0805 New Footprint=RESC_0805
Change Physical Footprint: Designator=R29 Old Footprint=RESC_0805 New Footprint=RESC_0805
Change Physical Footprint: Designator=R30 Old Footprint=RESC_0805 New Footprint=RESC_0805
Change Physical Footprint: Designator=R31 Old Footprint=RESC_0805 New Footprint=RESC_0805
Change Physical Footprint: Designator=U? Old Footprint=amplificador New Footprint=amplificador
