Change Component Designator: Old Designator=C1 New Designator=C?
Change Component Designator: Old Designator=C2 New Designator=C?
Change Component Designator: Old Designator=C3 New Designator=C?
Change Component Designator: Old Designator=C4 New Designator=C?
Change Component Designator: Old Designator=C5 New Designator=C?
Change Component Designator: Old Designator=C6 New Designator=C?
Change Component Designator: Old Designator=CC1 New Designator=CC?
Change Component Designator: Old Designator=CC2 New Designator=CC?
Change Component Designator: Old Designator=CC3 New Designator=CC?
Change Component Designator: Old Designator=O1 New Designator=O?
Change Component Designator: Old Designator=O2 New Designator=O?
Change Component Designator: Old Designator=O3 New Designator=O?
Change Component Designator: Old Designator=O4 New Designator=O?
Change Component Designator: Old Designator=O5 New Designator=O?
Change Component Designator: Old Designator=O6 New Designator=O?
Change Component Designator: Old Designator=Ph1 New Designator=Ph?
Change Component Designator: Old Designator=Ph2 New Designator=Ph?
Change Component Designator: Old Designator=Ph3 New Designator=Ph?
Change Component Designator: Old Designator=R1 New Designator=R?
Change Component Designator: Old Designator=R2 New Designator=R?
Change Component Designator: Old Designator=R3 New Designator=R?
Change Component Designator: Old Designator=R9 New Designator=R?
Change Component Designator: Old Designator=R10 New Designator=R?
Change Component Designator: Old Designator=R11 New Designator=R?
Change Component Designator: Old Designator=R12 New Designator=R?
Change Component Designator: Old Designator=R13 New Designator=R?
Change Component Designator: Old Designator=R14 New Designator=R?
Change Component Designator: Old Designator=R15 New Designator=R?
Change Component Designator: Old Designator=R16 New Designator=R?
Change Component Designator: Old Designator=R17 New Designator=R?
Change Component Designator: Old Designator=R18 New Designator=R?
