Change Component Designator: Old Designator=C? New Designator=C1
Change Component Designator: Old Designator=C? New Designator=C2
Change Component Designator: Old Designator=C? New Designator=C3
Change Component Designator: Old Designator=C? New Designator=C4
Change Component Designator: Old Designator=C? New Designator=C5
Change Component Designator: Old Designator=C? New Designator=C6
Change Component Designator: Old Designator=CC? New Designator=CC1
Change Component Designator: Old Designator=CC? New Designator=CC2
Change Component Designator: Old Designator=CC? New Designator=CC3
Change Component Designator: Old Designator=O? New Designator=O1
Change Component Designator: Old Designator=O? New Designator=O2
Change Component Designator: Old Designator=O? New Designator=O3
Change Component Designator: Old Designator=O? New Designator=O4
Change Component Designator: Old Designator=O? New Designator=O5
Change Component Designator: Old Designator=O? New Designator=O6
Change Component Designator: Old Designator=Ph? New Designator=Ph1
Change Component Designator: Old Designator=Ph? New Designator=Ph2
Change Component Designator: Old Designator=Ph? New Designator=Ph3
Change Component Designator: Old Designator=R? New Designator=R1
Change Component Designator: Old Designator=R? New Designator=R2
Change Component Designator: Old Designator=R? New Designator=R3
Change Component Designator: Old Designator=R? New Designator=R4
Change Component Designator: Old Designator=R? New Designator=R5
Change Component Designator: Old Designator=R? New Designator=R6
Change Component Designator: Old Designator=R? New Designator=R7
Change Component Designator: Old Designator=R? New Designator=R8
Change Component Designator: Old Designator=R? New Designator=R9
Change Component Designator: Old Designator=R? New Designator=R10
Change Component Designator: Old Designator=R? New Designator=R11
Change Component Designator: Old Designator=R? New Designator=R12
Change Component Designator: Old Designator=R? New Designator=R13
Change Component Designator: Old Designator=R? New Designator=R14
Change Component Designator: Old Designator=R? New Designator=R15
