Change Component Designator: OldDesignator=R7 NewDesignator=R21
Change Component Designator: OldDesignator=R8 NewDesignator=R22
Change Component Designator: OldDesignator=R9 NewDesignator=R23
Change Component Designator: OldDesignator=R10 NewDesignator=R24
Change Component Designator: OldDesignator=R11 NewDesignator=R25
Change Component Designator: OldDesignator=R12 NewDesignator=R26
Change Component Designator: OldDesignator=R13 NewDesignator=R27
Change Component Designator: OldDesignator=R14 NewDesignator=R28
Change Component Designator: OldDesignator=R15 NewDesignator=R29
Change Component Designator: OldDesignator=R16 NewDesignator=R30
Change Component Designator: OldDesignator=R17 NewDesignator=R31
Change Component Designator: OldDesignator=R18 NewDesignator=R32
Change Component Designator: OldDesignator=R19 NewDesignator=R33
Change Component Designator: OldDesignator=R20 NewDesignator=R34
Change Component Designator: OldDesignator=R21 NewDesignator=R35
Change Component Designator: OldDesignator=R22 NewDesignator=R36
Change Component Designator: OldDesignator=R23 NewDesignator=R37
Change Component Designator: OldDesignator=R24 NewDesignator=R38
Change Component Designator: OldDesignator=R25 NewDesignator=R39
Change Component Designator: OldDesignator=R26 NewDesignator=R40
Change Component Designator: OldDesignator=R27 NewDesignator=R41
Change Component Designator: OldDesignator=R28 NewDesignator=R42
Change Component Designator: OldDesignator=R29 NewDesignator=R43
Change Component Designator: OldDesignator=R30 NewDesignator=R44
Change Component Designator: OldDesignator=R31 NewDesignator=R45
Change Component Designator: OldDesignator=R32 NewDesignator=R46
Change Component Designator: OldDesignator=R33 NewDesignator=R47
Change Component Designator: OldDesignator=R34 NewDesignator=R48
Change Component Designator: OldDesignator=R35 NewDesignator=R49
Change Component Designator: OldDesignator=R36 NewDesignator=R50
Change Component Designator: OldDesignator=R37 NewDesignator=R51
Change Component Designator: OldDesignator=R38 NewDesignator=R52
Change Component Designator: OldDesignator=R39 NewDesignator=R53
Change Component Designator: OldDesignator=R40 NewDesignator=R54
Change Component Designator: OldDesignator=R41 NewDesignator=R55
Change Component Designator: OldDesignator=R42 NewDesignator=R56
Change Component Designator: OldDesignator=R43 NewDesignator=R57
Change Component Designator: OldDesignator=R44 NewDesignator=R58
Change Component Designator: OldDesignator=R45 NewDesignator=R59
Change Component Designator: OldDesignator=R46 NewDesignator=R60
Change Component Designator: OldDesignator=R47 NewDesignator=R61
Change Component Designator: OldDesignator=R48 NewDesignator=R62
Change Component Designator: OldDesignator=R49 NewDesignator=R63
Change Component Designator: OldDesignator=R50 NewDesignator=R64
Change Component Designator: OldDesignator=R51 NewDesignator=R65
Change Component Designator: OldDesignator=R52 NewDesignator=R66
Change Component Designator: OldDesignator=R53 NewDesignator=R67
Change Component Designator: OldDesignator=R54 NewDesignator=R68
Change Component Designator: OldDesignator=R55 NewDesignator=R69
Change Component Designator: OldDesignator=R56 NewDesignator=R70
Change Component Designator: OldDesignator=R57 NewDesignator=R71
Change Component Designator: OldDesignator=R58 NewDesignator=R72
Change Component Designator: OldDesignator=R59 NewDesignator=R73
Change Component Designator: OldDesignator=R60 NewDesignator=R74
Change Component Designator: OldDesignator=R61 NewDesignator=R75
Change Component Designator: OldDesignator=R62 NewDesignator=R76
Added Component: Designator=R7(RESC_0805)
Add component. Clean all parameters for all variants
Added Component: Designator=R8(RESC_0805)
Add component. Clean all parameters for all variants
Added Component: Designator=R9(RESC_0805)
Add component. Clean all parameters for all variants
Added Component: Designator=R10(RESC_0805)
Add component. Clean all parameters for all variants
Added Component: Designator=R11(RESC_0805)
Add component. Clean all parameters for all variants
Added Component: Designator=R12(RESC_0805)
Add component. Clean all parameters for all variants
Added Component: Designator=R13(RESC_0805)
Add component. Clean all parameters for all variants
Added Component: Designator=R14(RESC_0805)
Add component. Clean all parameters for all variants
Added Component: Designator=R15(RESC_0805)
Add component. Clean all parameters for all variants
Added Component: Designator=R16(RESC_0805)
Add component. Clean all parameters for all variants
Added Component: Designator=R17(RESC_0805)
Add component. Clean all parameters for all variants
Added Component: Designator=R18(RESC_0805)
Add component. Clean all parameters for all variants
Added Component: Designator=R19(RESC_0805)
Add component. Clean all parameters for all variants
Added Component: Designator=R20(RESC_0805)
Add component. Clean all parameters for all variants
Added Pin To Net: NetName=NetLabel7 Pin=R7-1
Added Pin To Net: NetName=Vamp6 Pin=R20-2
Change Net Name : Old Net Name=NetR7_2 New Net Name=NetR21_2
Change Net Name : Old Net Name=NetR8_2 New Net Name=NetR22_2
Change Net Name : Old Net Name=NetR9_2 New Net Name=NetR23_2
Change Net Name : Old Net Name=NetR10_2 New Net Name=NetR24_2
Change Net Name : Old Net Name=NetR11_2 New Net Name=NetR25_2
Change Net Name : Old Net Name=NetR12_2 New Net Name=NetR26_2
Change Net Name : Old Net Name=NetR13_2 New Net Name=NetR27_2
Change Net Name : Old Net Name=NetR14_2 New Net Name=NetR28_2
Change Net Name : Old Net Name=NetR15_2 New Net Name=NetR29_2
Change Net Name : Old Net Name=NetR16_2 New Net Name=NetR30_2
Change Net Name : Old Net Name=NetR17_2 New Net Name=NetR31_2
Change Net Name : Old Net Name=NetR18_2 New Net Name=NetR32_2
Change Net Name : Old Net Name=NetR19_2 New Net Name=NetR33_2
Change Net Name : Old Net Name=NetR21_2 New Net Name=NetR35_2
Change Net Name : Old Net Name=NetR22_2 New Net Name=NetR36_2
Change Net Name : Old Net Name=NetR23_2 New Net Name=NetR37_2
Change Net Name : Old Net Name=NetR24_2 New Net Name=NetR38_2
Change Net Name : Old Net Name=NetR25_2 New Net Name=NetR39_2
Change Net Name : Old Net Name=NetR26_2 New Net Name=NetR40_2
Change Net Name : Old Net Name=NetR27_2 New Net Name=NetR41_2
Change Net Name : Old Net Name=NetR28_2 New Net Name=NetR42_2
Change Net Name : Old Net Name=NetR29_2 New Net Name=NetR43_2
Change Net Name : Old Net Name=NetR30_2 New Net Name=NetR44_2
Change Net Name : Old Net Name=NetR31_2 New Net Name=NetR45_2
Change Net Name : Old Net Name=NetR32_2 New Net Name=NetR46_2
Change Net Name : Old Net Name=NetR33_2 New Net Name=NetR47_2
Change Net Name : Old Net Name=NetR35_2 New Net Name=NetR49_2
Change Net Name : Old Net Name=NetR36_2 New Net Name=NetR50_2
Change Net Name : Old Net Name=NetR37_2 New Net Name=NetR51_2
Change Net Name : Old Net Name=NetR38_2 New Net Name=NetR52_2
Change Net Name : Old Net Name=NetR39_2 New Net Name=NetR53_2
Change Net Name : Old Net Name=NetR40_2 New Net Name=NetR54_2
Change Net Name : Old Net Name=NetR41_2 New Net Name=NetR55_2
Change Net Name : Old Net Name=NetR42_2 New Net Name=NetR56_2
Change Net Name : Old Net Name=NetR43_2 New Net Name=NetR57_2
Change Net Name : Old Net Name=NetR44_2 New Net Name=NetR58_2
Change Net Name : Old Net Name=NetR45_2 New Net Name=NetR59_2
Change Net Name : Old Net Name=NetR46_2 New Net Name=NetR60_2
Change Net Name : Old Net Name=NetR47_2 New Net Name=NetR61_2
Change Net Name : Old Net Name=NetR49_2 New Net Name=NetR63_2
Change Net Name : Old Net Name=NetR50_2 New Net Name=NetR64_2
Change Net Name : Old Net Name=NetR51_2 New Net Name=NetR65_2
Change Net Name : Old Net Name=NetR52_2 New Net Name=NetR66_2
Change Net Name : Old Net Name=NetR53_2 New Net Name=NetR67_2
Change Net Name : Old Net Name=NetR54_2 New Net Name=NetR68_2
Change Net Name : Old Net Name=NetR55_2 New Net Name=NetR69_2
Change Net Name : Old Net Name=NetR56_2 New Net Name=NetR70_2
Change Net Name : Old Net Name=NetR57_2 New Net Name=NetR71_2
Change Net Name : Old Net Name=NetR58_2 New Net Name=NetR72_2
Change Net Name : Old Net Name=NetR59_2 New Net Name=NetR73_2
Change Net Name : Old Net Name=NetR60_2 New Net Name=NetR74_2
Change Net Name : Old Net Name=NetR61_2 New Net Name=NetR75_2
Added Pin To Net: NetName=NetR7_2 Pin=R7-2
Added Pin To Net: NetName=NetR7_2 Pin=R8-1
Added Net: Name=NetR7_2
Added Pin To Net: NetName=NetR8_2 Pin=R8-2
Added Pin To Net: NetName=NetR8_2 Pin=R9-1
Added Net: Name=NetR8_2
Added Pin To Net: NetName=NetR9_2 Pin=R9-2
Added Pin To Net: NetName=NetR9_2 Pin=R10-1
Added Net: Name=NetR9_2
Added Pin To Net: NetName=NetR10_2 Pin=R10-2
Added Pin To Net: NetName=NetR10_2 Pin=R11-1
Added Net: Name=NetR10_2
Added Pin To Net: NetName=NetR11_2 Pin=R11-2
Added Pin To Net: NetName=NetR11_2 Pin=R12-1
Added Net: Name=NetR11_2
Added Pin To Net: NetName=NetR12_2 Pin=R12-2
Added Pin To Net: NetName=NetR12_2 Pin=R13-1
Added Net: Name=NetR12_2
Added Pin To Net: NetName=NetR13_2 Pin=R13-2
Added Pin To Net: NetName=NetR13_2 Pin=R14-1
Added Net: Name=NetR13_2
Added Pin To Net: NetName=NetR14_2 Pin=R14-2
Added Pin To Net: NetName=NetR14_2 Pin=R15-1
Added Net: Name=NetR14_2
Added Pin To Net: NetName=NetR15_2 Pin=R15-2
Added Pin To Net: NetName=NetR15_2 Pin=R16-1
Added Net: Name=NetR15_2
Added Pin To Net: NetName=NetR16_2 Pin=R16-2
Added Pin To Net: NetName=NetR16_2 Pin=R17-1
Added Net: Name=NetR16_2
Added Pin To Net: NetName=NetR17_2 Pin=R17-2
Added Pin To Net: NetName=NetR17_2 Pin=R18-1
Added Net: Name=NetR17_2
Added Pin To Net: NetName=NetR18_2 Pin=R18-2
Added Pin To Net: NetName=NetR18_2 Pin=R19-1
Added Net: Name=NetR18_2
Added Pin To Net: NetName=NetR19_2 Pin=R19-2
Added Pin To Net: NetName=NetR19_2 Pin=R20-1
Added Net: Name=NetR19_2
Added Member To Class: ClassName=vi_measurement Member=Component R63 Resistor
Added Member To Class: ClassName=vi_measurement Member=Component R64 Resistor
Added Member To Class: ClassName=vi_measurement Member=Component R65 Resistor
Added Member To Class: ClassName=vi_measurement Member=Component R66 Resistor
Added Member To Class: ClassName=vi_measurement Member=Component R67 Resistor
Added Member To Class: ClassName=vi_measurement Member=Component R68 Resistor
Added Member To Class: ClassName=vi_measurement Member=Component R69 Resistor
Added Member To Class: ClassName=vi_measurement Member=Component R70 Resistor
Added Member To Class: ClassName=vi_measurement Member=Component R71 Resistor
Added Member To Class: ClassName=vi_measurement Member=Component R72 Resistor
Added Member To Class: ClassName=vi_measurement Member=Component R73 Resistor
Added Member To Class: ClassName=vi_measurement Member=Component R74 Resistor
Added Member To Class: ClassName=vi_measurement Member=Component R75 Resistor
Added Member To Class: ClassName=vi_measurement Member=Component R76 Resistor
