Change Component Designator: OldDesignator=C1 NewDesignator=C7
Change Component Designator: OldDesignator=C2 NewDesignator=C8
Change Component Designator: OldDesignator=C3 NewDesignator=C9
Change Component Designator: OldDesignator=C4 NewDesignator=C11
Change Component Designator: OldDesignator=C5 NewDesignator=C12
Change Component Designator: OldDesignator=C6 NewDesignator=C13
Change Component Designator: OldDesignator=C7 NewDesignator=C14
Change Component Designator: OldDesignator=C8 NewDesignator=C16
Change Component Designator: OldDesignator=C9 NewDesignator=C1
Change Component Designator: OldDesignator=C10 NewDesignator=C2
Change Component Designator: OldDesignator=C11 NewDesignator=C17
Change Component Designator: OldDesignator=C12 NewDesignator=C18
Change Component Designator: OldDesignator=C13 NewDesignator=C3
Change Component Designator: OldDesignator=C14 NewDesignator=C4
Change Component Designator: OldDesignator=C15 NewDesignator=C19
Change Component Designator: OldDesignator=C16 NewDesignator=C21
Change Component Designator: OldDesignator=C17 NewDesignator=C5
Change Component Designator: OldDesignator=C18 NewDesignator=C6
Change Component Designator: OldDesignator=C19 NewDesignator=C10
Change Component Designator: OldDesignator=C20 NewDesignator=C15
Change Component Designator: OldDesignator=C21 NewDesignator=C20
Change Component Designator: OldDesignator=R1 NewDesignator=R15
Change Component Designator: OldDesignator=R2 NewDesignator=R19
Change Component Designator: OldDesignator=R3 NewDesignator=R1
Change Component Designator: OldDesignator=R5 NewDesignator=R35
Change Component Designator: OldDesignator=R6 NewDesignator=R7
Change Component Designator: OldDesignator=R7 NewDesignator=R21
Change Component Designator: OldDesignator=R8 NewDesignator=R22
Change Component Designator: OldDesignator=R9 NewDesignator=R23
Change Component Designator: OldDesignator=R10 NewDesignator=R24
Change Component Designator: OldDesignator=R11 NewDesignator=R25
Change Component Designator: OldDesignator=R12 NewDesignator=R26
Change Component Designator: OldDesignator=R13 NewDesignator=R27
Change Component Designator: OldDesignator=R14 NewDesignator=R28
Change Component Designator: OldDesignator=R15 NewDesignator=R29
Change Component Designator: OldDesignator=R16 NewDesignator=R30
Change Component Designator: OldDesignator=R17 NewDesignator=R31
Change Component Designator: OldDesignator=R18 NewDesignator=R32
Change Component Designator: OldDesignator=R19 NewDesignator=R33
Change Component Designator: OldDesignator=R20 NewDesignator=R34
Change Component Designator: OldDesignator=R21 NewDesignator=R36
Change Component Designator: OldDesignator=R22 NewDesignator=R37
Change Component Designator: OldDesignator=R23 NewDesignator=R38
Change Component Designator: OldDesignator=R24 NewDesignator=R39
Change Component Designator: OldDesignator=R25 NewDesignator=R40
Change Component Designator: OldDesignator=R26 NewDesignator=R41
Change Component Designator: OldDesignator=R27 NewDesignator=R42
Change Component Designator: OldDesignator=R28 NewDesignator=R43
Change Component Designator: OldDesignator=R29 NewDesignator=R44
Change Component Designator: OldDesignator=R30 NewDesignator=R45
Change Component Designator: OldDesignator=R31 NewDesignator=R46
Change Component Designator: OldDesignator=R32 NewDesignator=R47
Change Component Designator: OldDesignator=R33 NewDesignator=R48
Change Component Designator: OldDesignator=R34 NewDesignator=R49
Change Component Designator: OldDesignator=R35 NewDesignator=R50
Change Component Designator: OldDesignator=R36 NewDesignator=R51
Change Component Designator: OldDesignator=R37 NewDesignator=R52
Change Component Designator: OldDesignator=R38 NewDesignator=R53
Change Component Designator: OldDesignator=R39 NewDesignator=R54
Change Component Designator: OldDesignator=R40 NewDesignator=R55
Change Component Designator: OldDesignator=R41 NewDesignator=R56
Change Component Designator: OldDesignator=R42 NewDesignator=R57
Change Component Designator: OldDesignator=R43 NewDesignator=R58
Change Component Designator: OldDesignator=R44 NewDesignator=R59
Change Component Designator: OldDesignator=R45 NewDesignator=R60
Change Component Designator: OldDesignator=R46 NewDesignator=R61
Change Component Designator: OldDesignator=R47 NewDesignator=R62
Change Component Designator: OldDesignator=R48 NewDesignator=R63
Change Component Designator: OldDesignator=R49 NewDesignator=R64
Change Component Designator: OldDesignator=R50 NewDesignator=R65
Change Component Designator: OldDesignator=R51 NewDesignator=R66
Change Component Designator: OldDesignator=R52 NewDesignator=R67
Change Component Designator: OldDesignator=R53 NewDesignator=R68
Change Component Designator: OldDesignator=R54 NewDesignator=R69
Change Component Designator: OldDesignator=R55 NewDesignator=R70
Change Component Designator: OldDesignator=R56 NewDesignator=R71
Change Component Designator: OldDesignator=R57 NewDesignator=R72
Change Component Designator: OldDesignator=R58 NewDesignator=R73
Change Component Designator: OldDesignator=R59 NewDesignator=R74
Change Component Designator: OldDesignator=R60 NewDesignator=R75
Change Component Designator: OldDesignator=R61 NewDesignator=R76
Change Component Designator: OldDesignator=R62 NewDesignator=R77
Change Component Designator: OldDesignator=R63 NewDesignator=R78
Change Component Designator: OldDesignator=R64 NewDesignator=R79
Change Component Designator: OldDesignator=R65 NewDesignator=R80
Change Component Designator: OldDesignator=R66 NewDesignator=R81
Change Component Designator: OldDesignator=R67 NewDesignator=R82
Change Component Designator: OldDesignator=R68 NewDesignator=R83
Change Component Designator: OldDesignator=R69 NewDesignator=R84
Change Component Designator: OldDesignator=R70 NewDesignator=R85
Change Component Designator: OldDesignator=R71 NewDesignator=R86
Change Component Designator: OldDesignator=R72 NewDesignator=R87
Change Component Designator: OldDesignator=R73 NewDesignator=R88
Change Component Designator: OldDesignator=R74 NewDesignator=R89
Change Component Designator: OldDesignator=R75 NewDesignator=R90
Change Component Designator: OldDesignator=R76 NewDesignator=R91
Change Component Designator: OldDesignator=R77 NewDesignator=R92
Change Component Designator: OldDesignator=R78 NewDesignator=R93
Change Component Designator: OldDesignator=R79 NewDesignator=R94
Change Component Designator: OldDesignator=R80 NewDesignator=R95
Change Component Designator: OldDesignator=R81 NewDesignator=R96
Change Component Designator: OldDesignator=R82 NewDesignator=R97
Change Component Designator: OldDesignator=R83 NewDesignator=R98
Change Component Designator: OldDesignator=R84 NewDesignator=R99
Change Component Designator: OldDesignator=R85 NewDesignator=R100
Change Component Designator: OldDesignator=R86 NewDesignator=R101
Change Component Designator: OldDesignator=R87 NewDesignator=R102
Change Component Designator: OldDesignator=R88 NewDesignator=R103
Change Component Designator: OldDesignator=R89 NewDesignator=R104
Change Component Designator: OldDesignator=R90 NewDesignator=R105
Change Component Designator: OldDesignator=R91 NewDesignator=R13
Change Component Designator: OldDesignator=R92 NewDesignator=R18
Change Component Designator: OldDesignator=R93 NewDesignator=R20
Change Component Designator: OldDesignator=STM32 NewDesignator=STM1
Added Component: Designator=P4(connector1x2_parafuso)
Add component. Clean all parameters for all variants
Added Component: Designator=R2(RESC_0805)
Add component. Clean all parameters for all variants
Added Component: Designator=R3(RESC_0805)
Add component. Clean all parameters for all variants
Added Component: Designator=R5(RESC_0805)
Add component. Clean all parameters for all variants
Added Component: Designator=R6(RESC_0805)
Add component. Clean all parameters for all variants
Added Component: Designator=R8(RESC_0805)
Add component. Clean all parameters for all variants
Added Component: Designator=R9(RESC_0805)
Add component. Clean all parameters for all variants
Added Component: Designator=R10(RESC_0805)
Add component. Clean all parameters for all variants
Added Component: Designator=R11(RESC_0805)
Add component. Clean all parameters for all variants
Added Component: Designator=R12(RESC_0805)
Add component. Clean all parameters for all variants
Added Component: Designator=R14(RESC_0805)
Add component. Clean all parameters for all variants
Added Component: Designator=R16(RESC_0805)
Add component. Clean all parameters for all variants
Added Component: Designator=R17(RESC_0805)
Add component. Clean all parameters for all variants
Added Pin To Net: NetName=VCC Pin=P4-1
Added Pin To Net: NetName=GND Pin=P4-2
Added Pin To Net: NetName=Vout1 Pin=R2-2
Added Pin To Net: NetName=GND Pin=R3-1
Added Pin To Net: NetName=Iout1 Pin=R5-2
Added Pin To Net: NetName=GND Pin=R6-1
Added Pin To Net: NetName=Vout2 Pin=R8-2
Added Pin To Net: NetName=GND Pin=R9-1
Added Pin To Net: NetName=Iout2 Pin=R10-2
Added Pin To Net: NetName=GND Pin=R11-1
Added Pin To Net: NetName=Vout3 Pin=R12-2
Added Pin To Net: NetName=GND Pin=R14-1
Added Pin To Net: NetName=Iout3 Pin=R16-2
Added Pin To Net: NetName=GND Pin=R17-1
Change Net Name : Old Net Name=NetR7_2 New Net Name=NetR21_2
Change Net Name : Old Net Name=NetR8_2 New Net Name=NetR22_2
Change Net Name : Old Net Name=NetR9_2 New Net Name=NetR23_2
Change Net Name : Old Net Name=NetR10_2 New Net Name=NetR24_2
Change Net Name : Old Net Name=NetR11_2 New Net Name=NetR25_2
Change Net Name : Old Net Name=NetR12_2 New Net Name=NetR26_2
Change Net Name : Old Net Name=NetR13_2 New Net Name=NetR27_2
Change Net Name : Old Net Name=NetR14_2 New Net Name=NetR28_2
Change Net Name : Old Net Name=NetR15_2 New Net Name=NetR29_2
Change Net Name : Old Net Name=NetR16_2 New Net Name=NetR30_2
Change Net Name : Old Net Name=NetR17_2 New Net Name=NetR31_2
Change Net Name : Old Net Name=NetR18_2 New Net Name=NetR32_2
Change Net Name : Old Net Name=NetR19_2 New Net Name=NetR33_2
Change Net Name : Old Net Name=NetR21_2 New Net Name=NetR36_2
Change Net Name : Old Net Name=NetR22_2 New Net Name=NetR37_2
Change Net Name : Old Net Name=NetR23_2 New Net Name=NetR38_2
Change Net Name : Old Net Name=NetR24_2 New Net Name=NetR39_2
Change Net Name : Old Net Name=NetR25_2 New Net Name=NetR40_2
Change Net Name : Old Net Name=NetR26_2 New Net Name=NetR41_2
Change Net Name : Old Net Name=NetR27_2 New Net Name=NetR42_2
Change Net Name : Old Net Name=NetR28_2 New Net Name=NetR43_2
Change Net Name : Old Net Name=NetR29_2 New Net Name=NetR44_2
Change Net Name : Old Net Name=NetR30_2 New Net Name=NetR45_2
Change Net Name : Old Net Name=NetR31_2 New Net Name=NetR46_2
Change Net Name : Old Net Name=NetR32_2 New Net Name=NetR47_2
Change Net Name : Old Net Name=NetR33_2 New Net Name=NetR48_2
Change Net Name : Old Net Name=NetR35_2 New Net Name=NetR50_2
Change Net Name : Old Net Name=NetR36_2 New Net Name=NetR51_2
Change Net Name : Old Net Name=NetR37_2 New Net Name=NetR52_2
Change Net Name : Old Net Name=NetR38_2 New Net Name=NetR53_2
Change Net Name : Old Net Name=NetR39_2 New Net Name=NetR54_2
Change Net Name : Old Net Name=NetR40_2 New Net Name=NetR55_2
Change Net Name : Old Net Name=NetR41_2 New Net Name=NetR56_2
Change Net Name : Old Net Name=NetR42_2 New Net Name=NetR57_2
Change Net Name : Old Net Name=NetR43_2 New Net Name=NetR58_2
Change Net Name : Old Net Name=NetR44_2 New Net Name=NetR59_2
Change Net Name : Old Net Name=NetR45_2 New Net Name=NetR60_2
Change Net Name : Old Net Name=NetR46_2 New Net Name=NetR61_2
Change Net Name : Old Net Name=NetR47_2 New Net Name=NetR62_2
Change Net Name : Old Net Name=NetR49_2 New Net Name=NetR64_2
Change Net Name : Old Net Name=NetR50_2 New Net Name=NetR65_2
Change Net Name : Old Net Name=NetR51_2 New Net Name=NetR66_2
Change Net Name : Old Net Name=NetR52_2 New Net Name=NetR67_2
Change Net Name : Old Net Name=NetR53_2 New Net Name=NetR68_2
Change Net Name : Old Net Name=NetR54_2 New Net Name=NetR69_2
Change Net Name : Old Net Name=NetR55_2 New Net Name=NetR70_2
Change Net Name : Old Net Name=NetR56_2 New Net Name=NetR71_2
Change Net Name : Old Net Name=NetR57_2 New Net Name=NetR72_2
Change Net Name : Old Net Name=NetR58_2 New Net Name=NetR73_2
Change Net Name : Old Net Name=NetR59_2 New Net Name=NetR74_2
Change Net Name : Old Net Name=NetR60_2 New Net Name=NetR75_2
Change Net Name : Old Net Name=NetR61_2 New Net Name=NetR76_2
Change Net Name : Old Net Name=NetR63_2 New Net Name=NetR78_2
Change Net Name : Old Net Name=NetR64_2 New Net Name=NetR79_2
Change Net Name : Old Net Name=NetR65_2 New Net Name=NetR80_2
Change Net Name : Old Net Name=NetR66_2 New Net Name=NetR81_2
Change Net Name : Old Net Name=NetR67_2 New Net Name=NetR82_2
Change Net Name : Old Net Name=NetR68_2 New Net Name=NetR83_2
Change Net Name : Old Net Name=NetR69_2 New Net Name=NetR84_2
Change Net Name : Old Net Name=NetR70_2 New Net Name=NetR85_2
Change Net Name : Old Net Name=NetR71_2 New Net Name=NetR86_2
Change Net Name : Old Net Name=NetR72_2 New Net Name=NetR87_2
Change Net Name : Old Net Name=NetR73_2 New Net Name=NetR88_2
Change Net Name : Old Net Name=NetR74_2 New Net Name=NetR89_2
Change Net Name : Old Net Name=NetR75_2 New Net Name=NetR90_2
Change Net Name : Old Net Name=NetR77_2 New Net Name=NetR92_2
Change Net Name : Old Net Name=NetR78_2 New Net Name=NetR93_2
Change Net Name : Old Net Name=NetR79_2 New Net Name=NetR94_2
Change Net Name : Old Net Name=NetR80_2 New Net Name=NetR95_2
Change Net Name : Old Net Name=NetR81_2 New Net Name=NetR96_2
Change Net Name : Old Net Name=NetR82_2 New Net Name=NetR97_2
Change Net Name : Old Net Name=NetR83_2 New Net Name=NetR98_2
Change Net Name : Old Net Name=NetR84_2 New Net Name=NetR99_2
Change Net Name : Old Net Name=NetR85_2 New Net Name=NetR100_2
Change Net Name : Old Net Name=NetR86_2 New Net Name=NetR101_2
Change Net Name : Old Net Name=NetR87_2 New Net Name=NetR102_2
Change Net Name : Old Net Name=NetR88_2 New Net Name=NetR103_2
Change Net Name : Old Net Name=NetR89_2 New Net Name=NetR104_2
Change Net Name : Old Net Name=NetR91_1 New Net Name=NetR13_1
Change Net Name : Old Net Name=NetR92_1 New Net Name=NetR18_1
Change Net Name : Old Net Name=NetR93_1 New Net Name=NetR20_1
Added Pin To Net: NetName=NetR2_1 Pin=R2-1
Added Pin To Net: NetName=NetR2_1 Pin=R3-2
Added Pin To Net: NetName=NetR2_1 Pin=STM1-5
Added Net: Name=NetR2_1
Added Pin To Net: NetName=NetR5_1 Pin=R5-1
Added Pin To Net: NetName=NetR5_1 Pin=R6-2
Added Pin To Net: NetName=NetR5_1 Pin=STM1-6
Added Net: Name=NetR5_1
Added Pin To Net: NetName=NetR8_1 Pin=R8-1
Added Pin To Net: NetName=NetR8_1 Pin=R9-2
Added Pin To Net: NetName=NetR8_1 Pin=STM1-7
Added Net: Name=NetR8_1
Added Pin To Net: NetName=NetR10_1 Pin=R10-1
Added Pin To Net: NetName=NetR10_1 Pin=R11-2
Added Pin To Net: NetName=NetR10_1 Pin=STM1-8
Added Net: Name=NetR10_1
Added Pin To Net: NetName=NetR12_1 Pin=R12-1
Added Pin To Net: NetName=NetR12_1 Pin=R14-2
Added Pin To Net: NetName=NetR12_1 Pin=STM1-9
Added Net: Name=NetR12_1
Added Pin To Net: NetName=NetR16_1 Pin=R16-1
Added Pin To Net: NetName=NetR16_1 Pin=R17-2
Added Pin To Net: NetName=NetR16_1 Pin=STM1-10
Added Net: Name=NetR16_1
Added Member To Class: ClassName=vi_measurement Member=Component P4 gen_purpose_conn_1x2
Added Member To Class: ClassName=vi_measurement Member=Component R94 Resistor
Added Member To Class: ClassName=vi_measurement Member=Component R95 Resistor
Added Member To Class: ClassName=vi_measurement Member=Component R96 Resistor
Added Member To Class: ClassName=vi_measurement Member=Component R97 Resistor
Added Member To Class: ClassName=vi_measurement Member=Component R98 Resistor
Added Member To Class: ClassName=vi_measurement Member=Component R99 Resistor
Added Member To Class: ClassName=vi_measurement Member=Component R100 Resistor
Added Member To Class: ClassName=vi_measurement Member=Component R101 Resistor
Added Member To Class: ClassName=vi_measurement Member=Component R102 Resistor
Added Member To Class: ClassName=vi_measurement Member=Component R103 Resistor
Added Member To Class: ClassName=vi_measurement Member=Component R104 Resistor
Added Member To Class: ClassName=vi_measurement Member=Component R105 Resistor
