Change Component Designator: OldDesignator=R9 NewDesignator=R4
Change Component Designator: OldDesignator=R10 NewDesignator=R5
Change Component Designator: OldDesignator=R11 NewDesignator=R6
Change Component Designator: OldDesignator=R12 NewDesignator=R7
Change Component Designator: OldDesignator=R13 NewDesignator=R8
Change Component Designator: OldDesignator=R14 NewDesignator=R10
Change Component Designator: OldDesignator=R15 NewDesignator=R11
Change Component Designator: OldDesignator=R16 NewDesignator=R12
Change Component Designator: OldDesignator=R17 NewDesignator=R13
Change Component Designator: OldDesignator=R18 NewDesignator=R14
Added Component: Designator=R9(RESC_0805)
Add component. Clean all parameters for all variants
Added Component: Designator=R15(RESC_0805)
Add component. Clean all parameters for all variants
Change Net Name : Old Net Name=NetR9_2 New Net Name=NetR4_2
Change Net Name : Old Net Name=NetR10_2 New Net Name=NetR5_2
Change Net Name : Old Net Name=NetR11_2 New Net Name=NetR6_2
Change Net Name : Old Net Name=NetR12_2 New Net Name=NetR7_2
Change Net Name : Old Net Name=NetR14_2 New Net Name=NetR10_2
Change Net Name : Old Net Name=NetR15_2 New Net Name=NetR11_2
Change Net Name : Old Net Name=NetR16_2 New Net Name=NetR12_2
Change Net Name : Old Net Name=NetR17_2 New Net Name=NetR13_2
Added Pin To Net: NetName=NetR8_2 Pin=R8-2
Added Pin To Net: NetName=NetR8_2 Pin=R9-1
Added Net: Name=NetR8_2
Added Pin To Net: NetName=NetR14_2 Pin=R14-2
Added Pin To Net: NetName=NetR14_2 Pin=R15-1
Added Net: Name=NetR14_2
Added Member To Class: ClassName=vi_measurement Member=Component R9 Resistor
Added Member To Class: ClassName=vi_measurement Member=Component R15 Resistor
