Added Component: Designator=R16(RESC_0805)
Add component. Clean all parameters for all variants
Added Component: Designator=R17(RESC_0805)
Add component. Clean all parameters for all variants
Added Component: Designator=R18(RESC_0805)
Add component. Clean all parameters for all variants
Added Component: Designator=R19(RESC_0805)
Add component. Clean all parameters for all variants
Added Component: Designator=R20(RESC_0805)
Add component. Clean all parameters for all variants
Added Component: Designator=R21(RESC_0805)
Add component. Clean all parameters for all variants
Added Component: Designator=R22(RESC_0805)
Add component. Clean all parameters for all variants
Added Component: Designator=R23(RESC_0805)
Add component. Clean all parameters for all variants
Added Component: Designator=R24(RESC_0805)
Add component. Clean all parameters for all variants
Added Component: Designator=R25(RESC_0805)
Add component. Clean all parameters for all variants
Added Component: Designator=R26(RESC_0805)
Add component. Clean all parameters for all variants
Added Component: Designator=R27(RESC_0805)
Add component. Clean all parameters for all variants
Added Component: Designator=R28(RESC_0805)
Add component. Clean all parameters for all variants
Added Component: Designator=R29(RESC_0805)
Add component. Clean all parameters for all variants
Added Component: Designator=R30(RESC_0805)
Add component. Clean all parameters for all variants
Added Component: Designator=R31(RESC_0805)
Add component. Clean all parameters for all variants
Added Pin To Net: NetName=NetR9_2 Pin=R9-2
Added Pin To Net: NetName=NetR9_2 Pin=R16-1
Added Net: Name=NetR9_2
Added Pin To Net: NetName=NetR15_2 Pin=R15-2
Added Pin To Net: NetName=NetR15_2 Pin=R24-1
Added Net: Name=NetR15_2
Added Pin To Net: NetName=NetR16_2 Pin=R16-2
Added Pin To Net: NetName=NetR16_2 Pin=R17-1
Added Net: Name=NetR16_2
Added Pin To Net: NetName=NetR17_2 Pin=R17-2
Added Pin To Net: NetName=NetR17_2 Pin=R18-1
Added Net: Name=NetR17_2
Added Pin To Net: NetName=NetR18_2 Pin=R18-2
Added Pin To Net: NetName=NetR18_2 Pin=R19-1
Added Net: Name=NetR18_2
Added Pin To Net: NetName=NetR19_2 Pin=R19-2
Added Pin To Net: NetName=NetR19_2 Pin=R20-1
Added Net: Name=NetR19_2
Added Pin To Net: NetName=NetR20_2 Pin=R20-2
Added Pin To Net: NetName=NetR20_2 Pin=R21-1
Added Net: Name=NetR20_2
Added Pin To Net: NetName=NetR21_2 Pin=R21-2
Added Pin To Net: NetName=NetR21_2 Pin=R22-1
Added Net: Name=NetR21_2
Added Pin To Net: NetName=NetR22_2 Pin=R22-2
Added Pin To Net: NetName=NetR22_2 Pin=R23-1
Added Net: Name=NetR22_2
Added Pin To Net: NetName=NetR24_2 Pin=R24-2
Added Pin To Net: NetName=NetR24_2 Pin=R25-1
Added Net: Name=NetR24_2
Added Pin To Net: NetName=NetR25_2 Pin=R25-2
Added Pin To Net: NetName=NetR25_2 Pin=R26-1
Added Net: Name=NetR25_2
Added Pin To Net: NetName=NetR26_2 Pin=R26-2
Added Pin To Net: NetName=NetR26_2 Pin=R27-1
Added Net: Name=NetR26_2
Added Pin To Net: NetName=NetR27_2 Pin=R27-2
Added Pin To Net: NetName=NetR27_2 Pin=R28-1
Added Net: Name=NetR27_2
Added Pin To Net: NetName=NetR28_2 Pin=R28-2
Added Pin To Net: NetName=NetR28_2 Pin=R29-1
Added Net: Name=NetR28_2
Added Pin To Net: NetName=NetR29_2 Pin=R29-2
Added Pin To Net: NetName=NetR29_2 Pin=R30-1
Added Net: Name=NetR29_2
Added Pin To Net: NetName=NetR30_2 Pin=R30-2
Added Pin To Net: NetName=NetR30_2 Pin=R31-1
Added Net: Name=NetR30_2
Added Member To Class: ClassName=vi_measurement Member=Component R14 Resistor
Added Member To Class: ClassName=vi_measurement Member=Component R15 Resistor
Added Member To Class: ClassName=vi_measurement Member=Component R16 Resistor
Added Member To Class: ClassName=vi_measurement Member=Component R17 Resistor
Added Member To Class: ClassName=vi_measurement Member=Component R18 Resistor
Added Member To Class: ClassName=vi_measurement Member=Component R19 Resistor
Added Member To Class: ClassName=vi_measurement Member=Component R20 Resistor
Added Member To Class: ClassName=vi_measurement Member=Component R21 Resistor
Added Member To Class: ClassName=vi_measurement Member=Component R22 Resistor
Added Member To Class: ClassName=vi_measurement Member=Component R23 Resistor
Added Member To Class: ClassName=vi_measurement Member=Component R24 Resistor
Added Member To Class: ClassName=vi_measurement Member=Component R25 Resistor
Added Member To Class: ClassName=vi_measurement Member=Component R26 Resistor
Added Member To Class: ClassName=vi_measurement Member=Component R27 Resistor
Added Member To Class: ClassName=vi_measurement Member=Component R28 Resistor
Added Member To Class: ClassName=vi_measurement Member=Component R29 Resistor
Added Member To Class: ClassName=vi_measurement Member=Component R30 Resistor
Added Member To Class: ClassName=vi_measurement Member=Component R31 Resistor
